# JRE version: OpenJDK Runtime Environment (11.0.10) (build 11.0.10+0-b96-7249189)
# Java VM: OpenJDK 64-Bit Server VM (11.0.10+0-b96-7249189, mixed mode, tiered, compressed oops, g1 gc, windows-amd64)
Heap:
 garbage-first heap   total 260096K, used 144686K [0x0000000080000000, 0x0000000100000000)
  region size 1024K, 64 young (65536K), 9 survivors (9216K)
 Metaspace       used 105643K, capacity 108246K, committed 108396K, reserved 1144832K
  class space    used 13111K, capacity 14029K, committed 14156K, reserved 1048576K
GC Heap History (20 events):
Event: 5.786 GC heap before
{Heap before GC invocations=3 (full 0):
 garbage-first heap   total 260096K, used 79023K [0x0000000080000000, 0x0000000100000000)
  region size 1024K, 72 young (73728K), 11 survivors (11264K)
 Metaspace       used 26465K, capacity 27193K, committed 27392K, reserved 1073152K
  class space    used 3482K, capacity 3754K, committed 3840K, reserved 1048576K
}
Event: 5.800 GC heap after
{Heap after GC invocations=4 (full 0):
 garbage-first heap   total 260096K, used 18426K [0x0000000080000000, 0x0000000100000000)
  region size 1024K, 3 young (3072K), 3 survivors (3072K)
 Metaspace       used 26465K, capacity 27193K, committed 27392K, reserved 1073152K
  class space    used 3482K, capacity 3754K, committed 3840K, reserved 1048576K
}
Event: 6.916 GC heap before
{Heap before GC invocations=4 (full 0):
 garbage-first heap   total 260096K, used 68602K [0x0000000080000000, 0x0000000100000000)
  region size 1024K, 53 young (54272K), 3 survivors (3072K)
 Metaspace       used 35050K, capacity 35822K, committed 35840K, reserved 1081344K
  class space    used 4540K, capacity 4864K, committed 4864K, reserved 1048576K
}
Event: 6.927 GC heap after
{Heap after GC invocations=5 (full 0):
 garbage-first heap   total 260096K, used 21640K [0x0000000080000000, 0x0000000100000000)
  region size 1024K, 6 young (6144K), 6 survivors (6144K)
 Metaspace       used 35050K, capacity 35822K, committed 35840K, reserved 1081344K
  class space    used 4540K, capacity 4864K, committed 4864K, reserved 1048576K
}
Event: 9.328 GC heap before
{Heap before GC invocations=6 (full 0):
 garbage-first heap   total 260096K, used 147592K [0x0000000080000000, 0x0000000100000000)
  region size 1024K, 126 young (129024K), 6 survivors (6144K)
 Metaspace       used 44955K, capacity 46056K, committed 46156K, reserved 1089536K
  class space    used 5775K, capacity 6156K, committed 6220K, reserved 1048576K
}
Event: 9.341 GC heap after
{Heap after GC invocations=7 (full 0):
 garbage-first heap   total 260096K, used 28706K [0x0000000080000000, 0x0000000100000000)
  region size 1024K, 13 young (13312K), 13 survivors (13312K)
 Metaspace       used 44955K, capacity 46056K, committed 46156K, reserved 1089536K
  class space    used 5775K, capacity 6156K, committed 6220K, reserved 1048576K
}
Event: 12.828 GC heap before
{Heap before GC invocations=7 (full 0):
 garbage-first heap   total 260096K, used 172066K [0x0000000080000000, 0x0000000100000000)
  region size 1024K, 147 young (150528K), 13 survivors (13312K)
 Metaspace       used 58703K, capacity 60104K, committed 60236K, reserved 1101824K
  class space    used 7405K, capacity 7934K, committed 8012K, reserved 1048576K
}
Event: 12.870 GC heap after
{Heap after GC invocations=8 (full 0):
 garbage-first heap   total 260096K, used 48427K [0x0000000080000000, 0x0000000100000000)
  region size 1024K, 19 young (19456K), 19 survivors (19456K)
 Metaspace       used 58703K, capacity 60104K, committed 60236K, reserved 1101824K
  class space    used 7405K, capacity 7934K, committed 8012K, reserved 1048576K
}
Event: 15.662 GC heap before
{Heap before GC invocations=9 (full 0):
 garbage-first heap   total 260096K, used 184619K [0x0000000080000000, 0x0000000100000000)
  region size 1024K, 152 young (155648K), 19 survivors (19456K)
 Metaspace       used 70248K, capacity 71903K, committed 72012K, reserved 1112064K
  class space    used 8936K, capacity 9525K, committed 9548K, reserved 1048576K
}
Event: 15.683 GC heap after
{Heap after GC invocations=10 (full 0):
 garbage-first heap   total 260096K, used 58918K [0x0000000080000000, 0x0000000100000000)
  region size 1024K, 11 young (11264K), 11 survivors (11264K)
 Metaspace       used 70248K, capacity 71903K, committed 72012K, reserved 1112064K
  class space    used 8936K, capacity 9525K, committed 9548K, reserved 1048576K
}
Event: 19.093 GC heap before
{Heap before GC invocations=10 (full 0):
 garbage-first heap   total 260096K, used 196134K [0x0000000080000000, 0x0000000100000000)
  region size 1024K, 145 young (148480K), 11 survivors (11264K)
 Metaspace       used 84167K, capacity 86137K, committed 86348K, reserved 1124352K
  class space    used 10851K, capacity 11577K, committed 11596K, reserved 1048576K
}
Event: 19.117 GC heap after
{Heap after GC invocations=11 (full 0):
 garbage-first heap   total 260096K, used 69998K [0x0000000080000000, 0x0000000100000000)
  region size 1024K, 11 young (11264K), 11 survivors (11264K)
 Metaspace       used 84167K, capacity 86137K, committed 86348K, reserved 1124352K
  class space    used 10851K, capacity 11577K, committed 11596K, reserved 1048576K
}
Event: 22.253 GC heap before
{Heap before GC invocations=11 (full 0):
 garbage-first heap   total 260096K, used 216430K [0x0000000080000000, 0x0000000100000000)
  region size 1024K, 138 young (141312K), 11 survivors (11264K)
 Metaspace       used 89264K, capacity 91329K, committed 91596K, reserved 1128448K
  class space    used 11405K, capacity 12202K, committed 12236K, reserved 1048576K
}
Event: 22.278 GC heap after
{Heap after GC invocations=12 (full 0):
 garbage-first heap   total 260096K, used 76037K [0x0000000080000000, 0x0000000100000000)
  region size 1024K, 6 young (6144K), 6 survivors (6144K)
 Metaspace       used 89264K, capacity 91329K, committed 91596K, reserved 1128448K
  class space    used 11405K, capacity 12202K, committed 12236K, reserved 1048576K
}
Event: 24.824 GC heap before
{Heap before GC invocations=12 (full 0):
 garbage-first heap   total 260096K, used 203013K [0x0000000080000000, 0x0000000100000000)
  region size 1024K, 131 young (134144K), 6 survivors (6144K)
 Metaspace       used 93742K, capacity 95903K, committed 96204K, reserved 1132544K
  class space    used 11915K, capacity 12701K, committed 12748K, reserved 1048576K
}
Event: 24.839 GC heap after
{Heap after GC invocations=13 (full 0):
 garbage-first heap   total 260096K, used 82046K [0x0000000080000000, 0x0000000100000000)
  region size 1024K, 12 young (12288K), 12 survivors (12288K)
 Metaspace       used 93742K, capacity 95903K, committed 96204K, reserved 1132544K
  class space    used 11915K, capacity 12701K, committed 12748K, reserved 1048576K
}
Event: 30.605 GC heap before
{Heap before GC invocations=13 (full 0):
 garbage-first heap   total 260096K, used 188542K [0x0000000080000000, 0x0000000100000000)
  region size 1024K, 118 young (120832K), 12 survivors (12288K)
 Metaspace       used 98530K, capacity 100704K, committed 100820K, reserved 1136640K
  class space    used 12461K, capacity 13273K, committed 13388K, reserved 1048576K
}
Event: 30.623 GC heap after
{Heap after GC invocations=14 (full 0):
 garbage-first heap   total 260096K, used 89067K [0x0000000080000000, 0x0000000100000000)
  region size 1024K, 14 young (14336K), 14 survivors (14336K)
 Metaspace       used 98530K, capacity 100704K, committed 100820K, reserved 1136640K
  class space    used 12461K, capacity 13273K, committed 13388K, reserved 1048576K
}
Event: 81.679 GC heap before
{Heap before GC invocations=15 (full 0):
 garbage-first heap   total 260096K, used 206827K [0x0000000080000000, 0x0000000100000000)
  region size 1024K, 130 young (133120K), 14 survivors (14336K)
 Metaspace       used 105172K, capacity 107767K, committed 108140K, reserved 1142784K
  class space    used 13104K, capacity 14034K, committed 14156K, reserved 1048576K
}
Event: 81.703 GC heap after
{Heap after GC invocations=16 (full 0):
 garbage-first heap   total 260096K, used 90414K [0x0000000080000000, 0x0000000100000000)
  region size 1024K, 9 young (9216K), 9 survivors (9216K)
 Metaspace       used 105172K, capacity 107767K, committed 108140K, reserved 1142784K
  class space    used 13104K, capacity 14034K, committed 14156K, reserved 1048576K
}

